<?xml version="1.0" encoding="UTF-8"?>
<coverage generated="1687600273659" clover="3.2.0">
  <project timestamp="1687600273659" name="All files">
    <metrics statements="35" coveredstatements="32" conditionals="8" coveredconditionals="5" methods="7" coveredmethods="7" elements="50" coveredelements="44" complexity="0" loc="35" ncloc="35" packages="1" files="1" classes="1"/>
    <file name="todoListActivities.js" path="/home/kifaru/Microverse/To-Do-List-App-Testing/modules/todoListActivities.js">
      <metrics statements="35" coveredstatements="32" conditionals="8" coveredconditionals="5" methods="7" coveredmethods="7"/>
      <line num="3" count="16" type="cond" truecount="2" falsecount="0"/>
      <line num="6" count="16" type="stmt"/>
      <line num="7" count="2" type="cond" truecount="2" falsecount="0"/>
      <line num="8" count="1" type="stmt"/>
      <line num="13" count="1" type="stmt"/>
      <line num="14" count="1" type="stmt"/>
      <line num="19" count="1" type="stmt"/>
      <line num="20" count="1" type="stmt"/>
      <line num="21" count="1" type="stmt"/>
      <line num="23" count="2" type="stmt"/>
      <line num="26" count="16" type="stmt"/>
      <line num="27" count="3" type="stmt"/>
      <line num="28" count="3" type="stmt"/>
      <line num="29" count="6" type="stmt"/>
      <line num="31" count="3" type="stmt"/>
      <line num="35" count="3" type="stmt"/>
      <line num="38" count="16" type="stmt"/>
      <line num="39" count="1" type="stmt"/>
      <line num="42" count="1" type="stmt"/>
      <line num="43" count="1" type="stmt"/>
      <line num="49" count="16" type="stmt"/>
      <line num="50" count="1" type="cond" truecount="1" falsecount="1"/>
      <line num="51" count="1" type="stmt"/>
      <line num="52" count="1" type="stmt"/>
      <line num="55" count="0" type="cond" truecount="0" falsecount="2"/>
      <line num="56" count="0" type="stmt"/>
      <line num="57" count="0" type="stmt"/>
      <line num="61" count="1" type="stmt"/>
      <line num="67" count="16" type="stmt"/>
      <line num="68" count="1" type="stmt"/>
      <line num="69" count="3" type="stmt"/>
      <line num="71" count="1" type="stmt"/>
      <line num="72" count="1" type="stmt"/>
      <line num="74" count="1" type="stmt"/>
      <line num="78" count="1" type="stmt"/>
    </file>
  </project>
</coverage>
