{"/home/kifaru/Microverse/To-Do-List-App-Testing/modules/todoListActivities.js": {"path":"/home/kifaru/Microverse/To-Do-List-App-Testing/modules/todoListActivities.js","statementMap":{"0":{"start":{"line":3,"column":4},"end":{"line":3,"column":80}},"1":{"start":{"line":6,"column":18},"end":{"line":24,"column":5}},"2":{"start":{"line":7,"column":6},"end":{"line":22,"column":7}},"3":{"start":{"line":8,"column":28},"end":{"line":12,"column":9}},"4":{"start":{"line":13,"column":8},"end":{"line":13,"column":42}},"5":{"start":{"line":14,"column":8},"end":{"line":17,"column":10}},"6":{"start":{"line":19,"column":25},"end":{"line":19,"column":53}},"7":{"start":{"line":20,"column":8},"end":{"line":20,"column":55}},"8":{"start":{"line":21,"column":8},"end":{"line":21,"column":42}},"9":{"start":{"line":23,"column":6},"end":{"line":23,"column":29}},"10":{"start":{"line":26,"column":21},"end":{"line":36,"column":5}},"11":{"start":{"line":27,"column":6},"end":{"line":27,"column":54}},"12":{"start":{"line":28,"column":6},"end":{"line":30,"column":7}},"13":{"start":{"line":28,"column":19},"end":{"line":28,"column":39}},"14":{"start":{"line":29,"column":8},"end":{"line":29,"column":38}},"15":{"start":{"line":31,"column":6},"end":{"line":34,"column":8}},"16":{"start":{"line":35,"column":6},"end":{"line":35,"column":29}},"17":{"start":{"line":38,"column":21},"end":{"line":47,"column":5}},"18":{"start":{"line":39,"column":25},"end":{"line":41,"column":17}},"19":{"start":{"line":42,"column":6},"end":{"line":42,"column":69}},"20":{"start":{"line":43,"column":6},"end":{"line":46,"column":8}},"21":{"start":{"line":49,"column":26},"end":{"line":65,"column":5}},"22":{"start":{"line":50,"column":6},"end":{"line":60,"column":7}},"23":{"start":{"line":51,"column":8},"end":{"line":51,"column":63}},"24":{"start":{"line":52,"column":8},"end":{"line":54,"column":48}},"25":{"start":{"line":55,"column":13},"end":{"line":60,"column":7}},"26":{"start":{"line":56,"column":8},"end":{"line":56,"column":64}},"27":{"start":{"line":57,"column":8},"end":{"line":59,"column":40}},"28":{"start":{"line":61,"column":6},"end":{"line":64,"column":8}},"29":{"start":{"line":67,"column":24},"end":{"line":79,"column":5}},"30":{"start":{"line":68,"column":6},"end":{"line":70,"column":8}},"31":{"start":{"line":69,"column":22},"end":{"line":69,"column":50}},"32":{"start":{"line":71,"column":6},"end":{"line":73,"column":7}},"33":{"start":{"line":71,"column":19},"end":{"line":71,"column":20}},"34":{"start":{"line":72,"column":8},"end":{"line":72,"column":41}},"35":{"start":{"line":74,"column":6},"end":{"line":77,"column":8}},"36":{"start":{"line":78,"column":6},"end":{"line":78,"column":29}}},"fnMap":{"0":{"name":"(anonymous_0)","decl":{"start":{"line":2,"column":2},"end":{"line":2,"column":3}},"loc":{"start":{"line":2,"column":16},"end":{"line":4,"column":3}},"line":2},"1":{"name":"(anonymous_1)","decl":{"start":{"line":6,"column":18},"end":{"line":6,"column":19}},"loc":{"start":{"line":6,"column":45},"end":{"line":24,"column":5}},"line":6},"2":{"name":"(anonymous_2)","decl":{"start":{"line":26,"column":21},"end":{"line":26,"column":22}},"loc":{"start":{"line":26,"column":43},"end":{"line":36,"column":5}},"line":26},"3":{"name":"(anonymous_3)","decl":{"start":{"line":38,"column":21},"end":{"line":38,"column":22}},"loc":{"start":{"line":38,"column":43},"end":{"line":47,"column":5}},"line":38},"4":{"name":"(anonymous_4)","decl":{"start":{"line":49,"column":26},"end":{"line":49,"column":27}},"loc":{"start":{"line":49,"column":48},"end":{"line":65,"column":5}},"line":49},"5":{"name":"(anonymous_5)","decl":{"start":{"line":67,"column":24},"end":{"line":67,"column":25}},"loc":{"start":{"line":67,"column":30},"end":{"line":79,"column":5}},"line":67},"6":{"name":"(anonymous_6)","decl":{"start":{"line":69,"column":8},"end":{"line":69,"column":9}},"loc":{"start":{"line":69,"column":22},"end":{"line":69,"column":50}},"line":69}},"branchMap":{"0":{"loc":{"start":{"line":3,"column":22},"end":{"line":3,"column":79}},"type":"binary-expr","locations":[{"start":{"line":3,"column":22},"end":{"line":3,"column":73}},{"start":{"line":3,"column":77},"end":{"line":3,"column":79}}],"line":3},"1":{"loc":{"start":{"line":7,"column":6},"end":{"line":22,"column":7}},"type":"if","locations":[{"start":{"line":7,"column":6},"end":{"line":22,"column":7}},{"start":{},"end":{}}],"line":7},"2":{"loc":{"start":{"line":50,"column":6},"end":{"line":60,"column":7}},"type":"if","locations":[{"start":{"line":50,"column":6},"end":{"line":60,"column":7}},{"start":{"line":55,"column":13},"end":{"line":60,"column":7}}],"line":50},"3":{"loc":{"start":{"line":55,"column":13},"end":{"line":60,"column":7}},"type":"if","locations":[{"start":{"line":55,"column":13},"end":{"line":60,"column":7}},{"start":{},"end":{}}],"line":55}},"s":{"0":16,"1":16,"2":2,"3":1,"4":1,"5":1,"6":1,"7":1,"8":1,"9":2,"10":16,"11":3,"12":3,"13":3,"14":6,"15":3,"16":3,"17":16,"18":1,"19":1,"20":1,"21":16,"22":1,"23":1,"24":1,"25":0,"26":0,"27":0,"28":1,"29":16,"30":1,"31":3,"32":1,"33":1,"34":1,"35":1,"36":1},"f":{"0":16,"1":2,"2":3,"3":1,"4":1,"5":1,"6":3},"b":{"0":[16,4],"1":[1,1],"2":[1,0],"3":[0,0]},"_coverageSchema":"1a1c01bbd47fc00a2c39e90264f33305004495a9","hash":"a5f0eda91391110e8c1f975d169544a409ce1e0c"}
}
