{"/home/kifaru/Microverse/To-Do-List-App-Testing/modules/todoListActivities.js": {"path":"/home/kifaru/Microverse/To-Do-List-App-Testing/modules/todoListActivities.js","statementMap":{"0":{"start":{"line":3,"column":4},"end":{"line":3,"column":80}},"1":{"start":{"line":6,"column":16},"end":{"line":17,"column":3}},"2":{"start":{"line":7,"column":4},"end":{"line":15,"column":5}},"3":{"start":{"line":8,"column":26},"end":{"line":12,"column":7}},"4":{"start":{"line":13,"column":6},"end":{"line":13,"column":40}},"5":{"start":{"line":14,"column":6},"end":{"line":14,"column":79}},"6":{"start":{"line":16,"column":4},"end":{"line":16,"column":27}},"7":{"start":{"line":19,"column":19},"end":{"line":26,"column":3}},"8":{"start":{"line":20,"column":4},"end":{"line":20,"column":52}},"9":{"start":{"line":21,"column":4},"end":{"line":23,"column":5}},"10":{"start":{"line":21,"column":17},"end":{"line":21,"column":37}},"11":{"start":{"line":22,"column":6},"end":{"line":22,"column":36}},"12":{"start":{"line":24,"column":4},"end":{"line":24,"column":77}},"13":{"start":{"line":25,"column":4},"end":{"line":25,"column":27}},"14":{"start":{"line":28,"column":19},"end":{"line":32,"column":3}},"15":{"start":{"line":29,"column":23},"end":{"line":29,"column":80}},"16":{"start":{"line":30,"column":4},"end":{"line":30,"column":67}},"17":{"start":{"line":31,"column":4},"end":{"line":31,"column":77}},"18":{"start":{"line":34,"column":24},"end":{"line":43,"column":3}},"19":{"start":{"line":35,"column":4},"end":{"line":41,"column":5}},"20":{"start":{"line":36,"column":6},"end":{"line":36,"column":61}},"21":{"start":{"line":37,"column":6},"end":{"line":37,"column":93}},"22":{"start":{"line":38,"column":11},"end":{"line":41,"column":5}},"23":{"start":{"line":39,"column":6},"end":{"line":39,"column":62}},"24":{"start":{"line":40,"column":6},"end":{"line":40,"column":85}},"25":{"start":{"line":42,"column":4},"end":{"line":42,"column":77}},"26":{"start":{"line":45,"column":22},"end":{"line":52,"column":3}},"27":{"start":{"line":46,"column":4},"end":{"line":46,"column":89}},"28":{"start":{"line":46,"column":59},"end":{"line":46,"column":87}},"29":{"start":{"line":47,"column":4},"end":{"line":49,"column":5}},"30":{"start":{"line":47,"column":17},"end":{"line":47,"column":18}},"31":{"start":{"line":48,"column":6},"end":{"line":48,"column":39}},"32":{"start":{"line":50,"column":4},"end":{"line":50,"column":77}},"33":{"start":{"line":51,"column":4},"end":{"line":51,"column":27}}},"fnMap":{"0":{"name":"(anonymous_0)","decl":{"start":{"line":2,"column":2},"end":{"line":2,"column":3}},"loc":{"start":{"line":2,"column":16},"end":{"line":4,"column":3}},"line":2},"1":{"name":"(anonymous_1)","decl":{"start":{"line":6,"column":16},"end":{"line":6,"column":17}},"loc":{"start":{"line":6,"column":30},"end":{"line":17,"column":3}},"line":6},"2":{"name":"(anonymous_2)","decl":{"start":{"line":19,"column":19},"end":{"line":19,"column":20}},"loc":{"start":{"line":19,"column":41},"end":{"line":26,"column":3}},"line":19},"3":{"name":"(anonymous_3)","decl":{"start":{"line":28,"column":19},"end":{"line":28,"column":20}},"loc":{"start":{"line":28,"column":41},"end":{"line":32,"column":3}},"line":28},"4":{"name":"(anonymous_4)","decl":{"start":{"line":34,"column":24},"end":{"line":34,"column":25}},"loc":{"start":{"line":34,"column":46},"end":{"line":43,"column":3}},"line":34},"5":{"name":"(anonymous_5)","decl":{"start":{"line":45,"column":22},"end":{"line":45,"column":23}},"loc":{"start":{"line":45,"column":28},"end":{"line":52,"column":3}},"line":45},"6":{"name":"(anonymous_6)","decl":{"start":{"line":46,"column":45},"end":{"line":46,"column":46}},"loc":{"start":{"line":46,"column":59},"end":{"line":46,"column":87}},"line":46}},"branchMap":{"0":{"loc":{"start":{"line":3,"column":22},"end":{"line":3,"column":79}},"type":"binary-expr","locations":[{"start":{"line":3,"column":22},"end":{"line":3,"column":73}},{"start":{"line":3,"column":77},"end":{"line":3,"column":79}}],"line":3},"1":{"loc":{"start":{"line":7,"column":4},"end":{"line":15,"column":5}},"type":"if","locations":[{"start":{"line":7,"column":4},"end":{"line":15,"column":5}},{"start":{},"end":{}}],"line":7},"2":{"loc":{"start":{"line":35,"column":4},"end":{"line":41,"column":5}},"type":"if","locations":[{"start":{"line":35,"column":4},"end":{"line":41,"column":5}},{"start":{"line":38,"column":11},"end":{"line":41,"column":5}}],"line":35},"3":{"loc":{"start":{"line":38,"column":11},"end":{"line":41,"column":5}},"type":"if","locations":[{"start":{"line":38,"column":11},"end":{"line":41,"column":5}},{"start":{},"end":{}}],"line":38}},"s":{"0":6,"1":6,"2":3,"3":2,"4":2,"5":2,"6":3,"7":6,"8":3,"9":3,"10":3,"11":6,"12":3,"13":3,"14":6,"15":0,"16":0,"17":0,"18":6,"19":0,"20":0,"21":0,"22":0,"23":0,"24":0,"25":0,"26":6,"27":0,"28":0,"29":0,"30":0,"31":0,"32":0,"33":0},"f":{"0":6,"1":3,"2":3,"3":0,"4":0,"5":0,"6":0},"b":{"0":[6,3],"1":[2,1],"2":[0,0],"3":[0,0]},"_coverageSchema":"1a1c01bbd47fc00a2c39e90264f33305004495a9","hash":"d8f01f40ff8f75fc1254b9501d4925ea8553c1af"}
}
