TN:
SF:modules/todoListActivities.js
FN:2,(anonymous_0)
FN:6,(anonymous_1)
FN:24,(anonymous_2)
FN:33,(anonymous_3)
FN:39,(anonymous_4)
FN:50,(anonymous_5)
FN:51,(anonymous_6)
FNF:7
FNH:3
FNDA:5,(anonymous_0)
FNDA:2,(anonymous_1)
FNDA:3,(anonymous_2)
FNDA:0,(anonymous_3)
FNDA:0,(anonymous_4)
FNDA:0,(anonymous_5)
FNDA:0,(anonymous_6)
DA:3,5
DA:6,5
DA:7,2
DA:8,1
DA:13,1
DA:14,1
DA:17,1
DA:18,1
DA:19,1
DA:21,2
DA:24,5
DA:25,3
DA:26,3
DA:27,6
DA:29,3
DA:30,3
DA:33,5
DA:34,0
DA:35,0
DA:36,0
DA:39,5
DA:40,0
DA:41,0
DA:42,0
DA:43,0
DA:44,0
DA:45,0
DA:47,0
DA:50,5
DA:51,0
DA:52,0
DA:53,0
DA:55,0
DA:56,0
LF:34
LH:19
BRDA:3,0,0,5
BRDA:3,0,1,2
BRDA:7,1,0,1
BRDA:7,1,1,1
BRDA:40,2,0,0
BRDA:40,2,1,0
BRDA:43,3,0,0
BRDA:43,3,1,0
BRF:8
BRH:4
end_of_record
