TN:
SF:modules/todoListActivities.js
FN:2,(anonymous_0)
FN:6,(anonymous_1)
FN:26,(anonymous_2)
FN:38,(anonymous_3)
FN:49,(anonymous_4)
FN:67,(anonymous_5)
FN:69,(anonymous_6)
FNF:7
FNH:7
FNDA:16,(anonymous_0)
FNDA:2,(anonymous_1)
FNDA:3,(anonymous_2)
FNDA:1,(anonymous_3)
FNDA:1,(anonymous_4)
FNDA:1,(anonymous_5)
FNDA:3,(anonymous_6)
DA:3,16
DA:6,16
DA:7,2
DA:8,1
DA:13,1
DA:14,1
DA:19,1
DA:20,1
DA:21,1
DA:23,2
DA:26,16
DA:27,3
DA:28,3
DA:29,6
DA:31,3
DA:35,3
DA:38,16
DA:39,1
DA:42,1
DA:43,1
DA:49,16
DA:50,1
DA:51,1
DA:52,1
DA:55,0
DA:56,0
DA:57,0
DA:61,1
DA:67,16
DA:68,1
DA:69,3
DA:71,1
DA:72,1
DA:74,1
DA:78,1
LF:35
LH:32
BRDA:3,0,0,16
BRDA:3,0,1,4
BRDA:7,1,0,1
BRDA:7,1,1,1
BRDA:50,2,0,1
BRDA:50,2,1,0
BRDA:55,3,0,0
BRDA:55,3,1,0
BRF:8
BRH:5
end_of_record
